  leaker.cpp
C:\Users\steve\source\cop4600\project 2\MemoryManager\MemoryManager\leaker.cpp(91,19): warning C4477: 'fprintf' : format string '%lu' requires an argument of type 'unsigned long', but variadic argument 1 has type 'size_t'
C:\Users\steve\source\cop4600\project 2\MemoryManager\MemoryManager\leaker.cpp(91,19): message : consider using '%zu' in the format string
C:\Users\steve\source\cop4600\project 2\MemoryManager\MemoryManager\leaker.cpp(91,19): warning C4477: 'fprintf' : format string '%lu' requires an argument of type 'unsigned long', but variadic argument 2 has type 'size_t'
C:\Users\steve\source\cop4600\project 2\MemoryManager\MemoryManager\leaker.cpp(91,19): message : consider using '%zu' in the format string
C:\Users\steve\source\cop4600\project 2\MemoryManager\MemoryManager\leaker.cpp(91,19): warning C4477: 'fprintf' : format string '%lu' requires an argument of type 'unsigned long', but variadic argument 3 has type 'size_t'
C:\Users\steve\source\cop4600\project 2\MemoryManager\MemoryManager\leaker.cpp(91,19): message : consider using '%zu' in the format string
C:\Users\steve\source\cop4600\project 2\MemoryManager\MemoryManager\leaker.cpp(105,19): warning C4477: 'fprintf' : format string '%lu' requires an argument of type 'unsigned long', but variadic argument 1 has type 'size_t'
C:\Users\steve\source\cop4600\project 2\MemoryManager\MemoryManager\leaker.cpp(105,19): message : consider using '%zu' in the format string
C:\Users\steve\source\cop4600\project 2\MemoryManager\MemoryManager\leaker.cpp(108,19): warning C4477: 'fprintf' : format string '%lu' requires an argument of type 'unsigned long', but variadic argument 1 has type 'size_t'
C:\Users\steve\source\cop4600\project 2\MemoryManager\MemoryManager\leaker.cpp(108,19): message : consider using '%zu' in the format string
C:\Users\steve\source\cop4600\project 2\MemoryManager\MemoryManager\leaker.cpp(111,19): warning C4477: 'fprintf' : format string '%lu' requires an argument of type 'unsigned long', but variadic argument 1 has type 'size_t'
C:\Users\steve\source\cop4600\project 2\MemoryManager\MemoryManager\leaker.cpp(111,19): message : consider using '%zu' in the format string
C:\Users\steve\source\cop4600\project 2\MemoryManager\MemoryManager\leaker.cpp(394,19): warning C4477: 'fprintf' : format string '%lu' requires an argument of type 'unsigned long', but variadic argument 3 has type 'size_t'
C:\Users\steve\source\cop4600\project 2\MemoryManager\MemoryManager\leaker.cpp(394,19): message : consider using '%zu' in the format string
C:\Users\steve\source\cop4600\project 2\MemoryManager\MemoryManager\leaker.cpp(434,19): warning C4477: 'fprintf' : format string '%lu' requires an argument of type 'unsigned long', but variadic argument 3 has type 'size_t'
C:\Users\steve\source\cop4600\project 2\MemoryManager\MemoryManager\leaker.cpp(434,19): message : consider using '%zu' in the format string
C:\Users\steve\source\cop4600\project 2\MemoryManager\MemoryManager\leaker.cpp(449,19): warning C4477: 'fprintf' : format string '%lu' requires an argument of type 'unsigned long', but variadic argument 3 has type 'size_t'
C:\Users\steve\source\cop4600\project 2\MemoryManager\MemoryManager\leaker.cpp(449,19): message : consider using '%zu' in the format string
C:\Users\steve\source\cop4600\project 2\MemoryManager\MemoryManager\leaker.cpp(449,19): warning C4477: 'fprintf' : format string '%lu' requires an argument of type 'unsigned long', but variadic argument 6 has type 'size_t'
C:\Users\steve\source\cop4600\project 2\MemoryManager\MemoryManager\leaker.cpp(449,19): message : consider using '%zu' in the format string
C:\Users\steve\source\cop4600\project 2\MemoryManager\MemoryManager\leaker.cpp(455,19): warning C4477: 'fprintf' : format string '%lu' requires an argument of type 'unsigned long', but variadic argument 3 has type 'size_t'
C:\Users\steve\source\cop4600\project 2\MemoryManager\MemoryManager\leaker.cpp(455,19): message : consider using '%zu' in the format string
C:\Users\steve\source\cop4600\project 2\MemoryManager\MemoryManager\leaker.cpp(455,19): warning C4477: 'fprintf' : format string '%lu' requires an argument of type 'unsigned long', but variadic argument 6 has type 'size_t'
C:\Users\steve\source\cop4600\project 2\MemoryManager\MemoryManager\leaker.cpp(455,19): message : consider using '%zu' in the format string
C:\Users\steve\source\cop4600\project 2\MemoryManager\MemoryManager\leaker.cpp(485,26): warning C4311: 'type cast': pointer truncation from 'void *' to 'unsigned long'
C:\Users\steve\source\cop4600\project 2\MemoryManager\MemoryManager\leaker.cpp(485,26): warning C4302: 'type cast': truncation from 'void *' to 'unsigned long'
C:\Users\steve\source\cop4600\project 2\MemoryManager\MemoryManager\leaker.cpp(550,19): warning C4477: 'fprintf' : format string '%lu' requires an argument of type 'unsigned long', but variadic argument 1 has type 'size_t'
C:\Users\steve\source\cop4600\project 2\MemoryManager\MemoryManager\leaker.cpp(550,19): message : consider using '%zu' in the format string
C:\Users\steve\source\cop4600\project 2\MemoryManager\MemoryManager\leaker.cpp(550,19): warning C4477: 'fprintf' : format string '%lu' requires an argument of type 'unsigned long', but variadic argument 2 has type 'size_t'
C:\Users\steve\source\cop4600\project 2\MemoryManager\MemoryManager\leaker.cpp(550,19): message : consider using '%zu' in the format string
C:\Users\steve\source\cop4600\project 2\MemoryManager\MemoryManager\leaker.cpp(568,19): warning C4477: 'fprintf' : format string '%lu' requires an argument of type 'unsigned long', but variadic argument 1 has type 'size_t'
C:\Users\steve\source\cop4600\project 2\MemoryManager\MemoryManager\leaker.cpp(568,19): message : consider using '%zu' in the format string
C:\Users\steve\source\cop4600\project 2\MemoryManager\MemoryManager\leaker.cpp(572,19): warning C4477: 'fprintf' : format string '%lu' requires an argument of type 'unsigned long', but variadic argument 1 has type 'size_t'
C:\Users\steve\source\cop4600\project 2\MemoryManager\MemoryManager\leaker.cpp(572,19): message : consider using '%zu' in the format string
C:\Users\steve\source\cop4600\project 2\MemoryManager\MemoryManager\leaker.cpp(575,19): warning C4477: 'fprintf' : format string '%lu' requires an argument of type 'unsigned long', but variadic argument 1 has type 'size_t'
C:\Users\steve\source\cop4600\project 2\MemoryManager\MemoryManager\leaker.cpp(575,19): message : consider using '%zu' in the format string
C:\Users\steve\source\cop4600\project 2\MemoryManager\MemoryManager\leaker.cpp(583,18): warning C4477: 'fprintf' : format string '%lu' requires an argument of type 'unsigned long', but variadic argument 3 has type 'size_t'
C:\Users\steve\source\cop4600\project 2\MemoryManager\MemoryManager\leaker.cpp(583,18): message : consider using '%zu' in the format string
C:\Users\steve\source\cop4600\project 2\MemoryManager\MemoryManager\leaker.cpp(587,19): warning C4477: 'fprintf' : format string '%lu' requires an argument of type 'unsigned long', but variadic argument 3 has type 'size_t'
C:\Users\steve\source\cop4600\project 2\MemoryManager\MemoryManager\leaker.cpp(587,19): message : consider using '%zu' in the format string
C:\Users\steve\source\cop4600\project 2\MemoryManager\MemoryManager\leaker.cpp(596,18): warning C4477: 'fprintf' : format string '%lu' requires an argument of type 'unsigned long', but variadic argument 3 has type 'size_t'
C:\Users\steve\source\cop4600\project 2\MemoryManager\MemoryManager\leaker.cpp(596,18): message : consider using '%zu' in the format string
C:\Users\steve\source\cop4600\project 2\MemoryManager\MemoryManager\leaker.cpp(596,18): warning C4477: 'fprintf' : format string '%lu' requires an argument of type 'unsigned long', but variadic argument 5 has type 'size_t'
C:\Users\steve\source\cop4600\project 2\MemoryManager\MemoryManager\leaker.cpp(596,18): message : consider using '%zu' in the format string
  LinkedList.cpp
  MemoryManager.cpp
C:\Users\steve\source\cop4600\project 2\MemoryManager\MemoryManager\MemoryManager\MemoryManager.h(14,10): warning C4067: unexpected tokens following preprocessor directive - expected a newline
C:\Users\steve\source\cop4600\project 2\MemoryManager\MemoryManager\MemoryManager\MemoryManager.h(15,10): warning C4067: unexpected tokens following preprocessor directive - expected a newline
  MemoryTracker.cpp
C:\Users\steve\source\cop4600\project 2\MemoryManager\MemoryManager\MemoryTracker.cpp(177,62): warning C4552: '+': result of expression not used
C:\Users\steve\source\cop4600\project 2\MemoryManager\MemoryManager\MemoryTracker.cpp(179,59): warning C4244: '=': conversion from '__int64' to 'char', possible loss of data
C:\Users\steve\source\cop4600\project 2\MemoryManager\MemoryManager\MemoryTracker.cpp(180,43): warning C4267: '=': conversion from 'size_t' to 'char', possible loss of data
  test.cpp
  testfile.cpp
  Generating Code...
  MemoryManager.vcxproj -> C:\Users\steve\source\cop4600\project 2\MemoryManager\x64\Debug\MemoryManager.exe
